{"total": {"lines":{"total":483,"covered":4,"skipped":0,"pct":0.82},"statements":{"total":483,"covered":4,"skipped":0,"pct":0.82},"functions":{"total":6,"covered":1,"skipped":0,"pct":16.66},"branches":{"total":6,"covered":1,"skipped":0,"pct":16.66},"branchesTrue":{"total":0,"covered":0,"skipped":0,"pct":100}}
,"/Users/lukasz.celitan/git/AstroX/src/frontend/astro.config.mjs": {"lines":{"total":8,"covered":0,"skipped":0,"pct":0},"functions":{"total":1,"covered":0,"skipped":0,"pct":0},"statements":{"total":8,"covered":0,"skipped":0,"pct":0},"branches":{"total":1,"covered":0,"skipped":0,"pct":0}}
,"/Users/lukasz.celitan/git/AstroX/src/frontend/svelte.config.js": {"lines":{"total":5,"covered":0,"skipped":0,"pct":0},"functions":{"total":1,"covered":0,"skipped":0,"pct":0},"statements":{"total":5,"covered":0,"skipped":0,"pct":0},"branches":{"total":1,"covered":0,"skipped":0,"pct":0}}
,"/Users/lukasz.celitan/git/AstroX/src/frontend/src/axiosInstance/axiosBackendInstance.ts": {"lines":{"total":4,"covered":4,"skipped":0,"pct":100},"functions":{"total":0,"covered":0,"skipped":0,"pct":100},"statements":{"total":4,"covered":4,"skipped":0,"pct":100},"branches":{"total":0,"covered":0,"skipped":0,"pct":100}}
,"/Users/lukasz.celitan/git/AstroX/src/frontend/src/axiosInstance/index.ts": {"lines":{"total":1,"covered":0,"skipped":0,"pct":0},"functions":{"total":1,"covered":0,"skipped":0,"pct":0},"statements":{"total":1,"covered":0,"skipped":0,"pct":0},"branches":{"total":1,"covered":0,"skipped":0,"pct":0}}
,"/Users/lukasz.celitan/git/AstroX/src/frontend/src/components/spaceGame/index.ts": {"lines":{"total":1,"covered":0,"skipped":0,"pct":0},"functions":{"total":1,"covered":0,"skipped":0,"pct":0},"statements":{"total":1,"covered":0,"skipped":0,"pct":0},"branches":{"total":1,"covered":0,"skipped":0,"pct":0}}
,"/Users/lukasz.celitan/git/AstroX/src/frontend/src/components/spaceGame/spaceGame.ts": {"lines":{"total":382,"covered":0,"skipped":0,"pct":0},"functions":{"total":1,"covered":1,"skipped":0,"pct":100},"statements":{"total":382,"covered":0,"skipped":0,"pct":0},"branches":{"total":1,"covered":1,"skipped":0,"pct":100}}
,"/Users/lukasz.celitan/git/AstroX/src/frontend/src/components/spaceX/spacex.svelte": {"lines":{"total":82,"covered":0,"skipped":0,"pct":0},"functions":{"total":1,"covered":0,"skipped":0,"pct":0},"statements":{"total":82,"covered":0,"skipped":0,"pct":0},"branches":{"total":1,"covered":0,"skipped":0,"pct":0}}
}
